(---------------------------------------------------------------------)
(                                                                     )
(    ARTWORK LOG                                                      )
(                                                                     )
(    Drawing          : pedal.brd                                     )
(    Software Version : 16.6P004                                      )
(    Date/Time        : Mon Jul 21 11:36:11 2014                      )
(                                                                     )
(---------------------------------------------------------------------)


 ---- Photoplot outline rectangle not found ... using drawing extents




 Can't open parameter file ... using default values:
     DEVICE-TYPE        GERBER6X00
     G-CODES            NO
     STATIONS-PER-WHEEL 24
     FILM-SIZE          24000 16000
     COORDINATES        ABSOLUTE
     OUTPUT-UNITS       INCHES
     FORMAT             5.3
     ABORT-ON-ERROR     abort film & continue
     SUPPRESS-LEAD-ZEROES     YES
     SUPPRESS-TRAIL-ZEROES    NO
     OPTIMIZE           YES
     SUPPRESS-EQUAL     YES
     SCALE              1.0




================================================================
     PROCESSING FILM < drill >
     TO FILE < D:/LayoutPCB/pedal_control_pcb/drill.art > ...
================================================================

  FILM PARAMETERS :
  ---------------------------------------------------------
  Undefined line width                20.00
  Mirror code                         NONE
  Rotate angle                        NONE
  Offset x:                           0.00
  Offset y:                           0.00
  Plot negative                       NO
  Suppress unconnected internal pads  NO
  Draw holes only                     NO



  APERTURES USED:
  ---------------------------------------------------------
  TYPE       SIZE/NAME                   ROT   MIRROR MODE 
  ---------------------------------------------------------
  CIRCLE     0.02000                                  DARK 

     drill created with warnings


================================================================
     PROCESSING FILM < top-layer1 >
     TO FILE < D:/LayoutPCB/pedal_control_pcb/top-layer1.art > ...
================================================================

  FILM PARAMETERS :
  ---------------------------------------------------------
  Undefined line width                2.00
  Mirror code                         NONE
  Rotate angle                        NONE
  Offset x:                           0.00
  Offset y:                           0.00
  Plot negative                       NO
  Suppress unconnected internal pads  NO
  Draw holes only                     NO



  APERTURES USED:
  ---------------------------------------------------------
  TYPE       SIZE/NAME                   ROT   MIRROR MODE 
  ---------------------------------------------------------
  CIRCLE     0.00200                                  DARK 
  CIRCLE     0.00800                                  DARK 
  CIRCLE     0.02800                                  DARK 
  CIRCLE     0.06000                                  DARK 
  RECTANGLE  0.08000     x 0.04000      90.000 NO     DARK 
  RECTANGLE  0.09900     x 0.06500      90.000 NO     DARK 

     top-layer1 created with warnings


================================================================
     PROCESSING FILM < smdtop >
     TO FILE < D:/LayoutPCB/pedal_control_pcb/smdtop.art > ...
================================================================

  FILM PARAMETERS :
  ---------------------------------------------------------
  Undefined line width                2.00
  Mirror code                         NONE
  Rotate angle                        NONE
  Offset x:                           0.00
  Offset y:                           0.00
  Plot negative                       NO
  Suppress unconnected internal pads  NO
  Draw holes only                     NO



  APERTURES USED:
  ---------------------------------------------------------
  TYPE       SIZE/NAME                   ROT   MIRROR MODE 
  ---------------------------------------------------------
  CIRCLE     0.00200                                  DARK 
  CIRCLE     0.06000                                  DARK 
  RECTANGLE  0.08000     x 0.04000      90.000 NO     DARK 
  RECTANGLE  0.09900     x 0.06500      90.000 NO     DARK 

     smdtop created with warnings


================================================================
     PROCESSING FILM < smdbtm >
     TO FILE < D:/LayoutPCB/pedal_control_pcb/smdbtm.art > ...
================================================================

  FILM PARAMETERS :
  ---------------------------------------------------------
  Undefined line width                2.00
  Mirror code                         NONE
  Rotate angle                        NONE
  Offset x:                           0.00
  Offset y:                           0.00
  Plot negative                       NO
  Suppress unconnected internal pads  NO
  Draw holes only                     NO



  APERTURES USED:
  ---------------------------------------------------------
  TYPE       SIZE/NAME                   ROT   MIRROR MODE 
  ---------------------------------------------------------
  CIRCLE     0.00200                                  DARK 
  CIRCLE     0.06000                                  DARK 
  RECTANGLE  0.09900     x 0.06500      90.000 NO     DARK 

     smdbtm created with warnings


================================================================
     PROCESSING FILM < silktop >
     TO FILE < D:/LayoutPCB/pedal_control_pcb/silktop.art > ...
================================================================

  FILM PARAMETERS :
  ---------------------------------------------------------
  Undefined line width                6.00
  Mirror code                         NONE
  Rotate angle                        NONE
  Offset x:                           0.00
  Offset y:                           0.00
  Plot negative                       NO
  Suppress unconnected internal pads  NO
  Draw holes only                     NO

    WARNING: text composed 0 width line found at (233.00 637.00)
           ... using undefined line width of 6.00

    WARNING: text having Multiple 0 width lines; all will be treated the same as the first.
           ... using undefined line width of 6.00



  APERTURES USED:
  ---------------------------------------------------------
  TYPE       SIZE/NAME                   ROT   MIRROR MODE 
  ---------------------------------------------------------
  CIRCLE     0.00600                                  DARK 

     silktop created with warnings


================================================================
     PROCESSING FILM < silkbtm >
     TO FILE < D:/LayoutPCB/pedal_control_pcb/silkbtm.art > ...
================================================================

  FILM PARAMETERS :
  ---------------------------------------------------------
  Undefined line width                6.00
  Mirror code                         NONE
  Rotate angle                        NONE
  Offset x:                           0.00
  Offset y:                           0.00
  Plot negative                       NO
  Suppress unconnected internal pads  NO
  Draw holes only                     NO



  APERTURES USED:
  ---------------------------------------------------------
  TYPE       SIZE/NAME                   ROT   MIRROR MODE 
  ---------------------------------------------------------
  CIRCLE     0.00600                                  DARK 

     silkbtm created with warnings


================================================================
     PROCESSING FILM < masktop >
     TO FILE < D:/LayoutPCB/pedal_control_pcb/masktop.art > ...
================================================================

  FILM PARAMETERS :
  ---------------------------------------------------------
  Undefined line width                2.00
  Mirror code                         NONE
  Rotate angle                        NONE
  Offset x:                           0.00
  Offset y:                           0.00
  Plot negative                       NO
  Suppress unconnected internal pads  NO
  Draw holes only                     NO



  APERTURES USED:
  ---------------------------------------------------------
  TYPE       SIZE/NAME                   ROT   MIRROR MODE 
  ---------------------------------------------------------
  CIRCLE     0.00200                                  DARK 
  CIRCLE     0.06000                                  DARK 
  RECTANGLE  0.09000     x 0.06000      90.000 NO     DARK 
  RECTANGLE  0.09900     x 0.06500      90.000 NO     DARK 

     masktop created with warnings


================================================================
     PROCESSING FILM < maskbtm >
     TO FILE < D:/LayoutPCB/pedal_control_pcb/maskbtm.art > ...
================================================================

  FILM PARAMETERS :
  ---------------------------------------------------------
  Undefined line width                2.00
  Mirror code                         NONE
  Rotate angle                        NONE
  Offset x:                           0.00
  Offset y:                           0.00
  Plot negative                       NO
  Suppress unconnected internal pads  NO
  Draw holes only                     NO



  APERTURES USED:
  ---------------------------------------------------------
  TYPE       SIZE/NAME                   ROT   MIRROR MODE 
  ---------------------------------------------------------
  CIRCLE     0.00200                                  DARK 
  CIRCLE     0.06000                                  DARK 
  RECTANGLE  0.09900     x 0.06500      90.000 NO     DARK 

     maskbtm created with warnings


================================================================
     PROCESSING FILM < buttom-layer2 >
     TO FILE < D:/LayoutPCB/pedal_control_pcb/buttom-layer2.art > ...
================================================================

  FILM PARAMETERS :
  ---------------------------------------------------------
  Undefined line width                2.00
  Mirror code                         NONE
  Rotate angle                        NONE
  Offset x:                           0.00
  Offset y:                           0.00
  Plot negative                       NO
  Suppress unconnected internal pads  NO
  Draw holes only                     NO



  APERTURES USED:
  ---------------------------------------------------------
  TYPE       SIZE/NAME                   ROT   MIRROR MODE 
  ---------------------------------------------------------
  CIRCLE     0.00200                                  DARK 
  CIRCLE     0.00800                                  DARK 
  CIRCLE     0.02800                                  DARK 
  CIRCLE     0.06000                                  DARK 
  RECTANGLE  0.09900     x 0.06500      90.000 NO     DARK 

     buttom-layer2 created with warnings


------------------------------------------------------
 SUMMARY:
        drill created with warnings
        top-layer1 created with warnings
        smdtop created with warnings
        smdbtm created with warnings
        silktop created with warnings
        silkbtm created with warnings
        masktop created with warnings
        maskbtm created with warnings
        buttom-layer2 created with warnings

 ARTWORK had warnings
