Fri Jul 18 16:30:47 2014				Page     1


 
Update Symbols/Modules Logfile
	Fri Jul 18 16:30:47 2014

------ Module Refresh Messages ------

SUMMARY:    Updated 0 out of 0 modules

------ End Module Messages     ------



(---------------------------------------------------------------------)
(                                                                     )
(    Refresh Symbol                                                   )
(                                                                     )
(    Drawing          : pedal.brd                                     )
(    Software Version : 16.6P004                                      )
(    Date/Time        : Fri Jul 18 16:30:48 2014                      )
(                                                                     )
(---------------------------------------------------------------------)


Fri Jul 18 16:30:48 2014				Page     1


------ Symbol Refresh Directives ------

Input design = 'D:/LayoutPCB/pedal_control_pcb/pedal.brd'
Output design = ''
Update mechanical symbols = 'NO'
Update format symbols = 'NO'
Update package symbols = 'YES'
Update shape/flash symbols = 'NO'
Update symbol padstacks = 'NO'
Reset symbol text and size locations = 'NO'
Reset Pin Escapes (fanouts) = 'NO'
Ripup Etch = 'NO'
Reset custom drill data = 'NO'


------ Library Paths ------
PSMPATH =  . 
           symbols 
           .. 
           ../symbols 
           d:/Cadence/SPB_16.6/share/local/pcb/symbols 
           d:/Cadence/SPB_16.6/share/pcb/pcb_lib/symbols 
           d:/Cadence/SPB_16.6/share/pcb/allegrolib/symbols 
           ./all_lib/ 
           D:/LayoutPCB/GLASS_DESIGN_PCB/Core_broad_S5pv210/bak/all_lib_data/ 
           D:/LayoutPCB/GLASS_DESIGN_PCB/Core_broad_S5pv210/bak/lib_for_samsung/ 
           D:/LayoutPCB/GLASS_DESIGN_PCB/lcos_glass_ext_pcb/ref_pcb/all_lib_pcb/ 
           D:/LayoutPCB/GLASS_DESIGN_PCB/lcos_glass_ext_pcb/ref_pcb/all_lib_pcb/SD_lib/ 

PADPATH =  . 
           symbols 
           .. 
           ../symbols 
           d:/Cadence/SPB_16.6/share/local/pcb/padstacks 
           d:/Cadence/SPB_16.6/share/pcb/pcb_lib/symbols 
           d:/Cadence/SPB_16.6/share/pcb/allegrolib/symbols 
           ./all_lib/ 
           D:/LayoutPCB/GLASS_DESIGN_PCB/Core_broad_S5pv210/bak/all_lib_data/ 
           D:/LAYOUTPCB/GLASS_DESIGN_PCB/CORE_BROAD_S5PV210/bak/lib_for_samsung/ 
           D:/LayoutPCB/GLASS_DESIGN_PCB/lcos_glass_ext_pcb/ref_pcb/all_lib_pcb/ 
           D:/LayoutPCB/GLASS_DESIGN_PCB/lcos_glass_ext_pcb/ref_pcb/all_lib_pcb/SD_lib/ 


------ Symbol Refresh Messages ------

'SWITCH_3P'  symbol refreshed successfully.
'PET_3P'  symbol refreshed successfully.
'AUDIO_3'  symbol refreshed successfully.
'BUTOM4P'  symbol refreshed successfully.
'CAPCITA2P'  symbol refreshed successfully.


----- Symbol Update Summary ----

Completed refreshing all symbols successfully.
