(---------------------------------------------------------------------)
(                                                                     )
(    Technology File READ                                             )
(                                                                     )
(    Drawing          : NuTiny-SDK-NUC122.brd                         )
(    Software Version : 16.5P002                                      )
(    Date/Time        : Mon Jul 14 16:25:34 2014                      )
(                                                                     )
(---------------------------------------------------------------------)


techfile name: NuTiny-SDK-NUC122.dcf
  layout name: NuTiny-SDK-NUC122.brd

Constraint Difference Report
============================

Design        : NuTiny-SDK-NUC122
Input File    : NuTiny-SDK-NUC122.dcf
Update Mode   : Merge (no deletions will be done)
Constraint Information : Electrical, Physical, Spacing, Same Net Spacing, NetClasses, Properties
Notes:
------
  - Attribute updates are reported as additions, deletions, or changes.
  - Association updates are reported as additions or deletions. Associations
    are the members of a MatchGroup, Constraint Set references, the PinPairs
    of a Net, the members of a Differential Pair, etc.
  - Clearing an object implies that the object does not exist so all attributes
    and associations for the object will be deleted. These attribute and association
    deletions are not included in the Summary totals. Objects are Constraint Sets,
    Buses, XNets, Nets, etc.


ERROR: No layers are defined.

These errors usually mean a corrupt technology
file.  Regenerate your technology file (e.g. by
re-exportiong it from Allegro) and try again.
Warning: Importing an empty cross-section.
---------------------------------------------------------
Create NetClass: 30MIL
     Adding   : PhysicalCSet association "2"
     Adding   : SpacingCSet association "2"
     Adding   : SameNetSpacingCSet association "2"
     Adding   : Net association "GND"
     Adding   : Net association "VCC"
     Adding   : Net association "DVBUS"
     Adding   : Net association "ADAVSS"
     Adding   : Net association "AVDD"
---------------------------------------------------------
Create NetClass: 30MIL_E
     Adding   : Net association "GND"
     Adding   : Net association "VCC"
     Adding   : Net association "DVBUS"
     Adding   : Net association "ADAVSS"
     Adding   : Net association "AVDD"
---------------------------------------------------------
Create MatchGroup: DEFAULT
     Adding   : RELATIVE_PROPAGATION_DELAY value "0 mil,200.00 mil"
---------------------------------------------------------
Net: GND
     Adding   : PhysicalCSet association "3"
     Adding   : SpacingCSet association "3"
     Adding   : SameNetSpacingCSet association "3"
---------------------------------------------------------
Create ElectricalCSet: DEFAULT
     Adding   : STUB_LENGTH value "0.00"
     Adding   : TOTAL_ETCH_LENGTH_MAX value "50000.00"
     Adding   : TOTAL_ETCH_LENGTH_MIN value "0.00"
     Adding   : MAX_PARALLEL value "0.00,0.00,0.00,0.00,0.00,0.00,1000.00,200.00"
     Adding   : IMPEDANCE_RULE value "100.0"
     Adding   : IMPEDANCE_RULE_TOL value "50.00 ohm"
     Adding   : PROPAGATION_DELAY_MAX value "10.00 ns"
     Adding   : PROPAGATION_DELAY_MIN value "0.00 ns"
---------------------------------------------------------
PhysicalCSet: DEFAULT
     Changing : MIN_LINE_WIDTH to "6.00,6.00" from "0.00,0.00"
     Changing : MAX_LINE_WIDTH to "50.00,50.00" from "0.00,0.00"
     Changing : VIA_LIST to "12-24" from "VIA"
     Changing : ALLOW_ON_ETCH_SUBCLASS to "true,true" from "TRUE,TRUE"
---------------------------------------------------------
Create PhysicalCSet: 2
     Adding   : DIFFP_PRIMARY_GAP value "0.00,0.00"
     Adding   : MIN_LINE_WIDTH value "10.00,10.00"
     Adding   : MAX_LINE_WIDTH value "50.00,50.00"
     Adding   : ALLOW_ON_ETCH_SUBCLASS value "true,true"
---------------------------------------------------------
Create PhysicalCSet: 3
     Adding   : DIFFP_PRIMARY_GAP value "0.00,0.00"
     Adding   : MIN_LINE_WIDTH value "10.00,10.00"
     Adding   : MAX_LINE_WIDTH value "50.00,50.00"
     Adding   : ALLOW_ON_ETCH_SUBCLASS value "true,true"
---------------------------------------------------------
SpacingCSet: DEFAULT
     Changing : LINE_TO_LINE_SPACING to "6.00,6.00" from "0.00,0.00"
     Changing : LINE_TO_THRUPIN_SPACING to "6.00,6.00" from "0.00,0.00"
     Changing : LINE_TO_SMDPIN_SPACING to "6.00,6.00" from "0.00,0.00"
     Changing : LINE_TO_THRUVIA_SPACING to "6.00,6.00" from "0.00,0.00"
     Changing : BBV_TO_LINE_SPACING to "6.00,6.00" from "0.00,0.00"
     Changing : MVIA_TO_LINE_SPACING to "6.00,6.00" from "5.00,5.00"
     Changing : LINE_TO_SHAPE_SPACING to "10.00,10.00" from "0.00,0.00"
     Changing : THRUPIN_TO_THRUPIN_SPACING to "6.00,6.00" from "0.00,0.00"
     Changing : THRUPIN_TO_SMDPIN_SPACING to "6.00,6.00" from "0.00,0.00"
     Changing : SMDPIN_TO_SMDPIN_SPACING to "6.00,6.00" from "0.00,0.00"
     Changing : THRUPIN_TO_THRUVIA_SPACING to "6.00,6.00" from "0.00,0.00"
     Changing : BBV_TO_THRUPIN_SPACING to "6.00,6.00" from "0.00,0.00"
     Changing : MVIA_TO_THRUPIN_SPACING to "6.00,6.00" from "5.00,5.00"
     Changing : SMDPIN_TO_THRUVIA_SPACING to "6.00,6.00" from "0.00,0.00"
     Changing : BBV_TO_SMDPIN_SPACING to "6.00,6.00" from "0.00,0.00"
     Changing : MVIA_TO_SMDPIN_SPACING to "6.00,6.00" from "5.00,5.00"
     Changing : THRUPIN_TO_SHAPE_SPACING to "10.00,10.00" from "0.00,0.00"
     Changing : SHAPE_TO_SMDPIN_SPACING to "10.00,10.00" from "0.00,0.00"
     Changing : THRUVIA_TO_THRUVIA_SPACING to "6.00,6.00" from "0.00,0.00"
     Changing : BBV_TO_THRUVIA_SPACING to "6.00,6.00" from "0.00,0.00"
     Changing : MVIA_TO_THRUVIA_SPACING to "6.00,6.00" from "5.00,5.00"
     Changing : BBV_TO_BBV_SPACING to "6.00,6.00" from "0.00,0.00"
     Changing : MVIA_TO_BBV_SPACING to "6.00,6.00" from "5.00,5.00"
     Changing : MVIA_TO_MVIA_SPACING to "6.00,6.00" from "5.00,5.00"
     Changing : HOLE_TO_HOLE_SPACING to "6.00,6.00" from "8.00,8.00"
     Changing : SHAPE_TO_THRUVIA_SPACING to "10.00,10.00" from "0.00,0.00"
     Changing : BBV_TO_SHAPE_SPACING to "10.00,10.00" from "0.00,0.00"
     Changing : MVIA_TO_SHAPE_SPACING to "10.00,10.00" from "5.00,5.00"
---------------------------------------------------------
Create SpacingCSet: 2
     Adding   : LINE_TO_LINE_SPACING value "6.00,6.00"
     Adding   : LINE_TO_THRUPIN_SPACING value "6.00,6.00"
     Adding   : LINE_TO_SMDPIN_SPACING value "6.00,6.00"
     Adding   : LINE_TO_THRUVIA_SPACING value "6.00,6.00"
     Adding   : BBV_TO_LINE_SPACING value "6.00,6.00"
     Adding   : MVIA_TO_LINE_SPACING value "6.00,6.00"
     Adding   : LINE_TO_SHAPE_SPACING value "20.00,20.00"
     Adding   : THRUPIN_TO_THRUPIN_SPACING value "6.00,6.00"
     Adding   : THRUPIN_TO_SMDPIN_SPACING value "6.00,6.00"
     Adding   : SMDPIN_TO_SMDPIN_SPACING value "6.00,6.00"
     Adding   : THRUPIN_TO_THRUVIA_SPACING value "6.00,6.00"
     Adding   : BBV_TO_THRUPIN_SPACING value "6.00,6.00"
     Adding   : MVIA_TO_THRUPIN_SPACING value "6.00,6.00"
     Adding   : SMDPIN_TO_THRUVIA_SPACING value "6.00,6.00"
     Adding   : BBV_TO_SMDPIN_SPACING value "6.00,6.00"
     Adding   : MVIA_TO_SMDPIN_SPACING value "6.00,6.00"
     Adding   : THRUPIN_TO_SHAPE_SPACING value "20.00,20.00"
     Adding   : SHAPE_TO_SMDPIN_SPACING value "20.00,20.00"
     Adding   : THRUVIA_TO_THRUVIA_SPACING value "6.00,6.00"
     Adding   : BBV_TO_THRUVIA_SPACING value "6.00,6.00"
     Adding   : MVIA_TO_THRUVIA_SPACING value "6.00,6.00"
     Adding   : BBV_TO_BBV_SPACING value "6.00,6.00"
     Adding   : MVIA_TO_BBV_SPACING value "6.00,6.00"
     Adding   : MVIA_TO_MVIA_SPACING value "6.00,6.00"
     Adding   : HOLE_TO_LINE_SPACING value "6.00,6.00"
     Adding   : HOLE_TO_VIA_SPACING value "6.00,6.00"
     Adding   : HOLE_TO_PIN_SPACING value "6.00,6.00"
     Adding   : HOLE_TO_SHAPE_SPACING value "6.00,6.00"
     Adding   : HOLE_TO_HOLE_SPACING value "6.00,6.00"
     Adding   : SHAPE_TO_THRUVIA_SPACING value "20.00,20.00"
     Adding   : BBV_TO_SHAPE_SPACING value "20.00,20.00"
     Adding   : MVIA_TO_SHAPE_SPACING value "20.00,20.00"
     Adding   : SHAPE_TO_SHAPE_SPACING value "0.00,0.00"
---------------------------------------------------------
Create SpacingCSet: 3
     Adding   : LINE_TO_LINE_SPACING value "6.00,6.00"
     Adding   : LINE_TO_THRUPIN_SPACING value "6.00,6.00"
     Adding   : LINE_TO_SMDPIN_SPACING value "6.00,6.00"
     Adding   : LINE_TO_THRUVIA_SPACING value "6.00,6.00"
     Adding   : BBV_TO_LINE_SPACING value "6.00,6.00"
     Adding   : MVIA_TO_LINE_SPACING value "6.00,6.00"
     Adding   : LINE_TO_SHAPE_SPACING value "20.00,20.00"
     Adding   : THRUPIN_TO_THRUPIN_SPACING value "6.00,6.00"
     Adding   : THRUPIN_TO_SMDPIN_SPACING value "6.00,6.00"
     Adding   : SMDPIN_TO_SMDPIN_SPACING value "6.00,6.00"
     Adding   : THRUPIN_TO_THRUVIA_SPACING value "6.00,6.00"
     Adding   : BBV_TO_THRUPIN_SPACING value "6.00,6.00"
     Adding   : MVIA_TO_THRUPIN_SPACING value "6.00,6.00"
     Adding   : SMDPIN_TO_THRUVIA_SPACING value "6.00,6.00"
     Adding   : BBV_TO_SMDPIN_SPACING value "6.00,6.00"
     Adding   : MVIA_TO_SMDPIN_SPACING value "6.00,6.00"
     Adding   : THRUPIN_TO_SHAPE_SPACING value "20.00,20.00"
     Adding   : SHAPE_TO_SMDPIN_SPACING value "20.00,20.00"
     Adding   : THRUVIA_TO_THRUVIA_SPACING value "6.00,6.00"
     Adding   : BBV_TO_THRUVIA_SPACING value "6.00,6.00"
     Adding   : MVIA_TO_THRUVIA_SPACING value "6.00,6.00"
     Adding   : BBV_TO_BBV_SPACING value "6.00,6.00"
     Adding   : MVIA_TO_BBV_SPACING value "6.00,6.00"
     Adding   : MVIA_TO_MVIA_SPACING value "6.00,6.00"
     Adding   : HOLE_TO_LINE_SPACING value "6.00,6.00"
     Adding   : HOLE_TO_VIA_SPACING value "6.00,6.00"
     Adding   : HOLE_TO_PIN_SPACING value "6.00,6.00"
     Adding   : HOLE_TO_SHAPE_SPACING value "6.00,6.00"
     Adding   : HOLE_TO_HOLE_SPACING value "6.00,6.00"
     Adding   : SHAPE_TO_THRUVIA_SPACING value "20.00,20.00"
     Adding   : BBV_TO_SHAPE_SPACING value "20.00,20.00"
     Adding   : MVIA_TO_SHAPE_SPACING value "20.00,20.00"
     Adding   : SHAPE_TO_SHAPE_SPACING value "0.00,0.00"
---------------------------------------------------------
SameNetSpacingCSet: DEFAULT
     Changing : SN_SMDPIN_TO_THRUVIA_SPACING to "6.00,6.00" from "0.00,0.00"
     Changing : SN_BBV_TO_SMDPIN_SPACING to "6.00,6.00" from "0.00,0.00"
     Changing : SN_MVIA_TO_SMDPIN_SPACING to "6.00,6.00" from "5.00,5.00"
     Changing : SN_THRUVIA_TO_THRUVIA_SPACING to "6.00,6.00" from "0.00,0.00"
     Changing : SN_BBV_TO_THRUVIA_SPACING to "6.00,6.00" from "0.00,0.00"
     Changing : SN_MVIA_TO_THRUVIA_SPACING to "6.00,6.00" from "5.00,5.00"
     Changing : SN_BBV_TO_BBV_SPACING to "6.00,6.00" from "0.00,0.00"
     Changing : SN_MVIA_TO_BBV_SPACING to "6.00,6.00" from "5.00,5.00"
     Changing : SN_MVIA_TO_MVIA_SPACING to "6.00,6.00" from "5.00,5.00"
---------------------------------------------------------
Create SameNetSpacingCSet: 2
     Adding   : SN_SMDPIN_TO_THRUVIA_SPACING value "6.00,6.00"
     Adding   : SN_BBV_TO_SMDPIN_SPACING value "6.00,6.00"
     Adding   : SN_MVIA_TO_SMDPIN_SPACING value "6.00,6.00"
     Adding   : SN_THRUVIA_TO_THRUVIA_SPACING value "6.00,6.00"
     Adding   : SN_BBV_TO_THRUVIA_SPACING value "6.00,6.00"
     Adding   : SN_MVIA_TO_THRUVIA_SPACING value "6.00,6.00"
     Adding   : SN_BBV_TO_BBV_SPACING value "6.00,6.00"
     Adding   : SN_MVIA_TO_BBV_SPACING value "6.00,6.00"
     Adding   : SN_MVIA_TO_MVIA_SPACING value "6.00,6.00"
---------------------------------------------------------
Create SameNetSpacingCSet: 3
     Adding   : SN_SMDPIN_TO_THRUVIA_SPACING value "6.00,6.00"
     Adding   : SN_BBV_TO_SMDPIN_SPACING value "6.00,6.00"
     Adding   : SN_MVIA_TO_SMDPIN_SPACING value "6.00,6.00"
     Adding   : SN_THRUVIA_TO_THRUVIA_SPACING value "6.00,6.00"
     Adding   : SN_BBV_TO_THRUVIA_SPACING value "6.00,6.00"
     Adding   : SN_MVIA_TO_THRUVIA_SPACING value "6.00,6.00"
     Adding   : SN_BBV_TO_BBV_SPACING value "6.00,6.00"
     Adding   : SN_MVIA_TO_BBV_SPACING value "6.00,6.00"
     Adding   : SN_MVIA_TO_MVIA_SPACING value "6.00,6.00"
---------------------------------------------------------

Summary:

Constraint changes found: 103 additions, 0 deletions, 41 changes.

Association changes found: 16 additions, 0 deletions.




