(---------------------------------------------------------------------)
(                                                                     )
(    Backdrill Analysis Log File                                      )
(                                                                     )
(    Drawing          : test.brd                                      )
(    Software Version : 16.6P004                                      )
(    Date/Time        : Tue Nov 25 15:13:05 2014                      )
(                                                                     )
(---------------------------------------------------------------------)


 Backdrill Setup
 ===============

  Pass definitions:

    From Layer            Objects    Pass  To Layer                      Depth
    ----------            -------    ----  --------                      -----

    Top                   Pins&Vias        All layers                         
    Bottom                Pins&Vias        All layers                         

  Layout cross section:

        Layer                  Thickness    From Top    From Bottom
        -----                  ---------    --------    -----------

     1  TOP                         1.20        9.20
          Dielectric                8.00
     2  BOTTOM                      1.20                       9.20

        Total thickness:           10.40

There are no nets flagged for backdrilling.
