Tue Nov 25 14:54:40 2014				Page     1


 
Update Symbols/Modules Logfile
	Tue Nov 25 14:54:40 2014

------ Module Refresh Messages ------

SUMMARY:    Updated 0 out of 0 modules

------ End Module Messages     ------



(---------------------------------------------------------------------)
(                                                                     )
(    Refresh Symbol                                                   )
(                                                                     )
(    Drawing          : test.brd                                      )
(    Software Version : 16.6P004                                      )
(    Date/Time        : Tue Nov 25 14:54:41 2014                      )
(                                                                     )
(---------------------------------------------------------------------)


Tue Nov 25 14:54:41 2014				Page     1


------ Symbol Refresh Directives ------

Input design = 'D:/6-PCN-Project/2-3DÉãÏñ»ú»ã¾ÛÃæ¿ØÖÆÆ÷/version-2/pedal_3D_zoom_control_bluetooth/test.brd'
Output design = ''
Update mechanical symbols = 'NO'
Update format symbols = 'NO'
Update package symbols = 'YES'
Update shape/flash symbols = 'NO'
Update symbol padstacks = 'NO'
Reset symbol text and size locations = 'NO'
Reset Pin Escapes (fanouts) = 'NO'
Ripup Etch = 'NO'
Reset custom drill data = 'NO'


------ Library Paths ------
PSMPATH =  . 
           symbols 
           .. 
           ../symbols 
           d:/Cadence/SPB_16.6/share/local/pcb/symbols 
           d:/Cadence/SPB_16.6/share/pcb/pcb_lib/symbols 
           d:/Cadence/SPB_16.6/share/pcb/allegrolib/symbols 
           ./all_lib/ 

PADPATH =  . 
           symbols 
           .. 
           ../symbols 
           d:/Cadence/SPB_16.6/share/local/pcb/padstacks 
           d:/Cadence/SPB_16.6/share/pcb/pcb_lib/symbols 
           d:/Cadence/SPB_16.6/share/pcb/allegrolib/symbols 
           ./all_lib/ 


------ Symbol Refresh Messages ------

'CAPCITA2P'  symbol refreshed successfully.
'BUTOM4P'  symbol refreshed successfully.
'AUDIO_3'  symbol refreshed successfully.
'PET_3P'  symbol refreshed successfully.
'FJM10K'  symbol refreshed successfully.


----- Symbol Update Summary ----

Completed refreshing all symbols successfully.
